{"synthetic": false,
 "schemaVersion": "2025-09-10",
 "outputs":
 {"o": ["25d0b165ef635b24.olean"],
  "i": "66ffc8b8092c71a4.ilean",
  "c": "576057b08e2e9b66.c"},
 "log":
 [{"message":
   ".> LEAN_PATH=/Users/ab/Projects/spec-oracle/paper/lean/.lake/build/lib/lean /Users/ab/.elan/toolchains/leanprover--lean4---v4.27.0/bin/lean /Users/ab/Projects/spec-oracle/paper/lean/UadfU0/InterLayer/Adequacy.lean -o /Users/ab/Projects/spec-oracle/paper/lean/.lake/build/lib/lean/UadfU0/InterLayer/Adequacy.olean -i /Users/ab/Projects/spec-oracle/paper/lean/.lake/build/lib/lean/UadfU0/InterLayer/Adequacy.ilean -c /Users/ab/Projects/spec-oracle/paper/lean/.lake/build/ir/UadfU0/InterLayer/Adequacy.c --setup /Users/ab/Projects/spec-oracle/paper/lean/.lake/build/ir/UadfU0/InterLayer/Adequacy.setup.json --json",
   "level": "trace"}],
 "inputs":
 [["UadfU0.InterLayer.Adequacy:deps",
   [["deps",
     [["UadfU0Paper/UadfU0:extraDep",
       [["@UadfU0Paper:extraDep", "00000000000006bb"]]],
      ["imports",
       [["UadfU0.U0Spec.Construction transitive imports (legacy)",
         "f42258e499a8b77a"],
        ["UadfU0.U0Spec.Construction:importAllArts", "2bdeb9335c839a13"]]]]],
    ["libs",
     [["import dynlibs", "00000000000006bb"],
      ["package external libraries", "00000000000006bb"],
      ["module dynlibs", "00000000000006bb"],
      ["module plugins", "00000000000006bb"]]]]],
  ["Lean 4.27.0, commit db93fe1608548721853390a10cd40580fe7d22ae",
   "9a2be90fd35343e5"],
  ["/Users/ab/Projects/spec-oracle/paper/lean/UadfU0/InterLayer/Adequacy.lean",
   "ff4ba829cd210ef8"],
  ["options", "00000000000006bb"],
  ["Module.leanArgs: #[]", "00000000000006bb"]],
 "depHash": "6046ee275086fd5c"}