{"synthetic": false,
 "schemaVersion": "2025-09-10",
 "outputs":
 {"o": ["8dce3876a8b99bff.olean"],
  "i": "4b306b4f2cd387ad.ilean",
  "c": "3fd4d5f8e3d3c6eb.c"},
 "log":
 [{"message":
   ".> LEAN_PATH=/Users/ab/Projects/spec-oracle/paper/lean/.lake/build/lib/lean /Users/ab/.elan/toolchains/leanprover--lean4---v4.27.0/bin/lean /Users/ab/Projects/spec-oracle/paper/lean/UadfU0/U0Spec/Minimality.lean -o /Users/ab/Projects/spec-oracle/paper/lean/.lake/build/lib/lean/UadfU0/U0Spec/Minimality.olean -i /Users/ab/Projects/spec-oracle/paper/lean/.lake/build/lib/lean/UadfU0/U0Spec/Minimality.ilean -c /Users/ab/Projects/spec-oracle/paper/lean/.lake/build/ir/UadfU0/U0Spec/Minimality.c --setup /Users/ab/Projects/spec-oracle/paper/lean/.lake/build/ir/UadfU0/U0Spec/Minimality.setup.json --json",
   "level": "trace"}],
 "inputs":
 [["UadfU0.U0Spec.Minimality:deps",
   [["deps",
     [["UadfU0Paper/UadfU0:extraDep",
       [["@UadfU0Paper:extraDep", "00000000000006bb"]]],
      ["imports",
       [["UadfU0.U0Spec.Construction transitive imports (legacy)",
         "f42258e499a8b77a"],
        ["UadfU0.U0Spec.Construction:importAllArts", "2bdeb9335c839a13"]]]]],
    ["libs",
     [["import dynlibs", "00000000000006bb"],
      ["package external libraries", "00000000000006bb"],
      ["module dynlibs", "00000000000006bb"],
      ["module plugins", "00000000000006bb"]]]]],
  ["Lean 4.27.0, commit db93fe1608548721853390a10cd40580fe7d22ae",
   "9a2be90fd35343e5"],
  ["/Users/ab/Projects/spec-oracle/paper/lean/UadfU0/U0Spec/Minimality.lean",
   "d49f2aeb106975b3"],
  ["options", "00000000000006bb"],
  ["Module.leanArgs: #[]", "00000000000006bb"]],
 "depHash": "e3329afdce0448d8"}