{"synthetic": false,
 "schemaVersion": "2025-09-10",
 "outputs":
 {"o": ["6fbafb008d182013.olean"],
  "i": "9b7127a1e76c9b92.ilean",
  "c": "37bbfe274e922f58.c"},
 "log":
 [{"message":
   ".> LEAN_PATH=/Users/ab/Projects/spec-oracle/paper/lean/.lake/build/lib/lean /Users/ab/.elan/toolchains/leanprover--lean4---v4.27.0/bin/lean /Users/ab/Projects/spec-oracle/paper/lean/UadfU0/Examples/TwoLayer.lean -o /Users/ab/Projects/spec-oracle/paper/lean/.lake/build/lib/lean/UadfU0/Examples/TwoLayer.olean -i /Users/ab/Projects/spec-oracle/paper/lean/.lake/build/lib/lean/UadfU0/Examples/TwoLayer.ilean -c /Users/ab/Projects/spec-oracle/paper/lean/.lake/build/ir/UadfU0/Examples/TwoLayer.c --setup /Users/ab/Projects/spec-oracle/paper/lean/.lake/build/ir/UadfU0/Examples/TwoLayer.setup.json --json",
   "level": "trace"}],
 "inputs":
 [["UadfU0.Examples.TwoLayer:deps",
   [["deps",
     [["UadfU0Paper/UadfU0:extraDep",
       [["@UadfU0Paper:extraDep", "00000000000006bb"]]],
      ["imports",
       [["UadfU0.InterLayer.Consistency transitive imports (legacy)",
         "6e3c6f1137ceda1d"],
        ["UadfU0.InterLayer.Consistency:importAllArts", "00a611ca6cd51f15"]]]]],
    ["libs",
     [["import dynlibs", "00000000000006bb"],
      ["package external libraries", "00000000000006bb"],
      ["module dynlibs", "00000000000006bb"],
      ["module plugins", "00000000000006bb"]]]]],
  ["Lean 4.27.0, commit db93fe1608548721853390a10cd40580fe7d22ae",
   "9a2be90fd35343e5"],
  ["/Users/ab/Projects/spec-oracle/paper/lean/UadfU0/Examples/TwoLayer.lean",
   "4df6a6dbe1ff1480"],
  ["options", "00000000000006bb"],
  ["Module.leanArgs: #[]", "00000000000006bb"]],
 "depHash": "1dba2ab514de3b23"}