{"synthetic": false,
 "schemaVersion": "2025-09-10",
 "outputs":
 {"o": ["e60939ae3138b0a5.olean"],
  "i": "51a6b6b44d6db189.ilean",
  "c": "ffa249ecad83e3d5.c"},
 "log":
 [{"message":
   ".> LEAN_PATH=/Users/ab/Projects/spec-oracle/paper/lean/.lake/build/lib/lean /Users/ab/.elan/toolchains/leanprover--lean4---v4.27.0/bin/lean /Users/ab/Projects/spec-oracle/paper/lean/UadfU0.lean -o /Users/ab/Projects/spec-oracle/paper/lean/.lake/build/lib/lean/UadfU0.olean -i /Users/ab/Projects/spec-oracle/paper/lean/.lake/build/lib/lean/UadfU0.ilean -c /Users/ab/Projects/spec-oracle/paper/lean/.lake/build/ir/UadfU0.c --setup /Users/ab/Projects/spec-oracle/paper/lean/.lake/build/ir/UadfU0.setup.json --json",
   "level": "trace"}],
 "inputs":
 [["UadfU0:deps",
   [["deps",
     [["UadfU0Paper/UadfU0:extraDep",
       [["@UadfU0Paper:extraDep", "00000000000006bb"]]],
      ["imports",
       [["UadfU0.Definitions.Model transitive imports (legacy)",
         "00000000000006bb"],
        ["UadfU0.Definitions.Model:importAllArts", "9f61947f69f6892b"],
        ["UadfU0.U0Spec.Construction transitive imports (legacy)",
         "f42258e499a8b77a"],
        ["UadfU0.U0Spec.Construction:importAllArts", "2bdeb9335c839a13"],
        ["UadfU0.U0Spec.Minimality transitive imports (legacy)",
         "2d9f5b8f585cc3ff"],
        ["UadfU0.U0Spec.Minimality:importAllArts", "7c3c609fa8b8a2c4"],
        ["UadfU0.InterLayer.Consistency transitive imports (legacy)",
         "6e3c6f1137ceda1d"],
        ["UadfU0.InterLayer.Consistency:importAllArts", "00a611ca6cd51f15"],
        ["UadfU0.InterLayer.Transfer transitive imports (legacy)",
         "8f4565ba86fab171"],
        ["UadfU0.InterLayer.Transfer:importAllArts", "6fb2bdfb2b1e5d1e"],
        ["UadfU0.InterLayer.Composition transitive imports (legacy)",
         "2d9f5b8f585cc3ff"],
        ["UadfU0.InterLayer.Composition:importAllArts", "9003f3ebb614f1d2"],
        ["UadfU0.InterLayer.Adequacy transitive imports (legacy)",
         "2d9f5b8f585cc3ff"],
        ["UadfU0.InterLayer.Adequacy:importAllArts", "be2adaa722e6fc29"],
        ["UadfU0.RelatedWork.Galois transitive imports (legacy)",
         "f42258e499a8b77a"],
        ["UadfU0.RelatedWork.Galois:importAllArts", "06d901f74fca46a9"],
        ["UadfU0.CaseStudy.PasswordPolicy transitive imports (legacy)",
         "619c31fe7f21ed8b"],
        ["UadfU0.CaseStudy.PasswordPolicy:importAllArts", "6b121e4761489f54"],
        ["UadfU0.Examples.TwoLayer transitive imports (legacy)",
         "8f4565ba86fab171"],
        ["UadfU0.Examples.TwoLayer:importAllArts", "cf54b27738f169e7"],
        ["UadfU0.Examples.ContradictoryLayers transitive imports (legacy)",
         "8f4565ba86fab171"],
        ["UadfU0.Examples.ContradictoryLayers:importAllArts",
         "22c11b095d3693fe"],
        ["UadfU0.Examples.TransferExample transitive imports (legacy)",
         "455e2d136d78f2dd"],
        ["UadfU0.Examples.TransferExample:importAllArts", "d8651b1b38c7c0e3"],
        ["UadfU0.Examples.TransferChainExample transitive imports (legacy)",
         "455e2d136d78f2dd"],
        ["UadfU0.Examples.TransferChainExample:importAllArts",
         "083266f579b1cbb1"],
        ["UadfU0.Examples.CompositionExample transitive imports (legacy)",
         "4fd5ed42fa0ca061"],
        ["UadfU0.Examples.CompositionExample:importAllArts",
         "4d974080a2211c8f"]]]]],
    ["libs",
     [["import dynlibs", "00000000000006bb"],
      ["package external libraries", "00000000000006bb"],
      ["module dynlibs", "00000000000006bb"],
      ["module plugins", "00000000000006bb"]]]]],
  ["Lean 4.27.0, commit db93fe1608548721853390a10cd40580fe7d22ae",
   "9a2be90fd35343e5"],
  ["/Users/ab/Projects/spec-oracle/paper/lean/UadfU0.lean", "cabdb955a85836bf"],
  ["options", "00000000000006bb"],
  ["Module.leanArgs: #[]", "00000000000006bb"]],
 "depHash": "285f936d61f83912"}