{"synthetic": false,
 "schemaVersion": "2025-09-10",
 "outputs": "79e69a7da055e006",
 "log":
 [{"message":
   ".> MACOSX_DEPLOYMENT_TARGET=99.0 /Users/ab/.elan/toolchains/leanprover--lean4---v4.27.0/bin/clang -o /Users/ab/Projects/spec-oracle/paper/lean/.lake/build/bin/uadf_u0_paper /Users/ab/Projects/spec-oracle/paper/lean/.lake/build/ir/Main.c.o.export /Users/ab/Projects/spec-oracle/paper/lean/.lake/build/ir/UadfU0/Definitions/Model.c.o.export /Users/ab/Projects/spec-oracle/paper/lean/.lake/build/ir/UadfU0/U0Spec/Construction.c.o.export /Users/ab/Projects/spec-oracle/paper/lean/.lake/build/ir/UadfU0/U0Spec/Minimality.c.o.export /Users/ab/Projects/spec-oracle/paper/lean/.lake/build/ir/UadfU0/InterLayer/Consistency.c.o.export /Users/ab/Projects/spec-oracle/paper/lean/.lake/build/ir/UadfU0/InterLayer/Transfer.c.o.export /Users/ab/Projects/spec-oracle/paper/lean/.lake/build/ir/UadfU0/InterLayer/Composition.c.o.export /Users/ab/Projects/spec-oracle/paper/lean/.lake/build/ir/UadfU0/InterLayer/Adequacy.c.o.export /Users/ab/Projects/spec-oracle/paper/lean/.lake/build/ir/UadfU0/CaseStudy/PasswordPolicy.c.o.export /Users/ab/Projects/spec-oracle/paper/lean/.lake/build/ir/UadfU0/Examples/TwoLayer.c.o.export /Users/ab/Projects/spec-oracle/paper/lean/.lake/build/ir/UadfU0/Examples/ContradictoryLayers.c.o.export /Users/ab/Projects/spec-oracle/paper/lean/.lake/build/ir/UadfU0/Examples/TransferExample.c.o.export /Users/ab/Projects/spec-oracle/paper/lean/.lake/build/ir/UadfU0/Examples/TransferChainExample.c.o.export /Users/ab/Projects/spec-oracle/paper/lean/.lake/build/ir/UadfU0/Examples/CompositionExample.c.o.export /Users/ab/Projects/spec-oracle/paper/lean/.lake/build/ir/UadfU0.c.o.export -L /Users/ab/.elan/toolchains/leanprover--lean4---v4.27.0/lib/lean --sysroot /Users/ab/.elan/toolchains/leanprover--lean4---v4.27.0 -L /Users/ab/.elan/toolchains/leanprover--lean4---v4.27.0/lib -L /Users/ab/.elan/toolchains/leanprover--lean4---v4.27.0/lib/libc -fuse-ld=lld -lleancpp -lInit -lStd -lLean -lleanrt -lc++ -lLake -lgmp -luv",
   "level": "trace"}],
 "inputs":
 [["linkObjs",
   [["/Users/ab/Projects/spec-oracle/paper/lean/.lake/build/ir/Main.c.o.export",
     "6f3696072a3320b1"],
    ["/Users/ab/Projects/spec-oracle/paper/lean/.lake/build/ir/UadfU0/Definitions/Model.c.o.export",
     "65f4505dc7834094"],
    ["/Users/ab/Projects/spec-oracle/paper/lean/.lake/build/ir/UadfU0/U0Spec/Construction.c.o.export",
     "cb84d2b2ad9fb66a"],
    ["/Users/ab/Projects/spec-oracle/paper/lean/.lake/build/ir/UadfU0/U0Spec/Minimality.c.o.export",
     "581a96915a09f239"],
    ["/Users/ab/Projects/spec-oracle/paper/lean/.lake/build/ir/UadfU0/InterLayer/Consistency.c.o.export",
     "5ee5e1e2e37abc36"],
    ["/Users/ab/Projects/spec-oracle/paper/lean/.lake/build/ir/UadfU0/InterLayer/Transfer.c.o.export",
     "7af764c23a64021c"],
    ["/Users/ab/Projects/spec-oracle/paper/lean/.lake/build/ir/UadfU0/InterLayer/Composition.c.o.export",
     "796dc0c541679835"],
    ["/Users/ab/Projects/spec-oracle/paper/lean/.lake/build/ir/UadfU0/InterLayer/Adequacy.c.o.export",
     "a4a1b3dce747a1a5"],
    ["/Users/ab/Projects/spec-oracle/paper/lean/.lake/build/ir/UadfU0/CaseStudy/PasswordPolicy.c.o.export",
     "e91f40acbdfabc2b"],
    ["/Users/ab/Projects/spec-oracle/paper/lean/.lake/build/ir/UadfU0/Examples/TwoLayer.c.o.export",
     "bebfdea84a23909e"],
    ["/Users/ab/Projects/spec-oracle/paper/lean/.lake/build/ir/UadfU0/Examples/ContradictoryLayers.c.o.export",
     "31f856bae37d2e99"],
    ["/Users/ab/Projects/spec-oracle/paper/lean/.lake/build/ir/UadfU0/Examples/TransferExample.c.o.export",
     "11524fed40704e1a"],
    ["/Users/ab/Projects/spec-oracle/paper/lean/.lake/build/ir/UadfU0/Examples/TransferChainExample.c.o.export",
     "8be990c81c07ed32"],
    ["/Users/ab/Projects/spec-oracle/paper/lean/.lake/build/ir/UadfU0/Examples/CompositionExample.c.o.export",
     "d7d67331012f485c"],
    ["/Users/ab/Projects/spec-oracle/paper/lean/.lake/build/ir/UadfU0.c.o.export",
     "9628ee5961c5cf71"]]],
  ["linkLibs", "00000000000006bb"],
  ["Lean 4.27.0, commit db93fe1608548721853390a10cd40580fe7d22ae",
   "9a2be90fd35343e5"],
  ["traceArgs: #[]", "00000000000006bb"],
  ["arm64-apple-darwin24.6.0", "77c16133d139df5a"]],
 "depHash": "b760bea0c6e5b355"}