{"synthetic": false,
 "schemaVersion": "2025-09-10",
 "outputs":
 {"o": ["a16f8b736732065a.olean"],
  "i": "7f1a1d913e596f22.ilean",
  "c": "85cfb886afac4985.c"},
 "log":
 [{"message":
   ".> LEAN_PATH=/Users/ab/Projects/spec-oracle/paper/lean/.lake/build/lib/lean /Users/ab/.elan/toolchains/leanprover--lean4---v4.27.0/bin/lean /Users/ab/Projects/spec-oracle/paper/lean/UadfU0/RelatedWork/Galois.lean -o /Users/ab/Projects/spec-oracle/paper/lean/.lake/build/lib/lean/UadfU0/RelatedWork/Galois.olean -i /Users/ab/Projects/spec-oracle/paper/lean/.lake/build/lib/lean/UadfU0/RelatedWork/Galois.ilean -c /Users/ab/Projects/spec-oracle/paper/lean/.lake/build/ir/UadfU0/RelatedWork/Galois.c --setup /Users/ab/Projects/spec-oracle/paper/lean/.lake/build/ir/UadfU0/RelatedWork/Galois.setup.json --json",
   "level": "trace"}],
 "inputs":
 [["UadfU0.RelatedWork.Galois:deps",
   [["deps",
     [["UadfU0Paper/UadfU0:extraDep",
       [["@UadfU0Paper:extraDep", "00000000000006bb"]]],
      ["imports",
       [["UadfU0.Definitions.Model transitive imports (legacy)",
         "00000000000006bb"],
        ["UadfU0.Definitions.Model:importAllArts", "9f61947f69f6892b"]]]]],
    ["libs",
     [["import dynlibs", "00000000000006bb"],
      ["package external libraries", "00000000000006bb"],
      ["module dynlibs", "00000000000006bb"],
      ["module plugins", "00000000000006bb"]]]]],
  ["Lean 4.27.0, commit db93fe1608548721853390a10cd40580fe7d22ae",
   "9a2be90fd35343e5"],
  ["/Users/ab/Projects/spec-oracle/paper/lean/UadfU0/RelatedWork/Galois.lean",
   "f09509b05901a130"],
  ["options", "00000000000006bb"],
  ["Module.leanArgs: #[]", "00000000000006bb"]],
 "depHash": "09f6c2b965e46b41"}